<?xml version="1.0" encoding="UTF-8"?>
<testsuite xmlns:xsi="http://www.w3.org/2001/XMLSchema-instance" xsi:noNamespaceSchemaLocation="https://maven.apache.org/surefire/maven-surefire-plugin/xsd/surefire-test-report.xsd" name="ru.yandex.practicum.CourierTest" time="4.085" tests="4" errors="0" skipped="0" failures="0">
  <properties>
    <property name="java.specification.version" value="18"/>
    <property name="sun.jnu.encoding" value="UTF-8"/>
    <property name="java.class.path" value="/Users/19542018/Desktop/lisa/Sprint_3/target/test-classes:/Users/19542018/Desktop/lisa/Sprint_3/target/classes:/Users/19542018/.m2/repository/io/qameta/allure/allure-junit4/2.17.3/allure-junit4-2.17.3.jar:/Users/19542018/.m2/repository/io/qameta/allure/allure-java-commons/2.17.3/allure-java-commons-2.17.3.jar:/Users/19542018/.m2/repository/org/slf4j/slf4j-api/1.7.30/slf4j-api-1.7.30.jar:/Users/19542018/.m2/repository/io/qameta/allure/allure-model/2.17.3/allure-model-2.17.3.jar:/Users/19542018/.m2/repository/io/qameta/allure/allure-rest-assured/2.17.3/allure-rest-assured-2.17.3.jar:/Users/19542018/.m2/repository/io/qameta/allure/allure-attachments/2.17.3/allure-attachments-2.17.3.jar:/Users/19542018/.m2/repository/org/freemarker/freemarker/2.3.31/freemarker-2.3.31.jar:/Users/19542018/.m2/repository/io/rest-assured/rest-assured/5.0.1/rest-assured-5.0.1.jar:/Users/19542018/.m2/repository/org/apache/groovy/groovy/4.0.1/groovy-4.0.1.jar:/Users/19542018/.m2/repository/org/apache/groovy/groovy-xml/4.0.1/groovy-xml-4.0.1.jar:/Users/19542018/.m2/repository/org/apache/httpcomponents/httpclient/4.5.13/httpclient-4.5.13.jar:/Users/19542018/.m2/repository/org/apache/httpcomponents/httpcore/4.4.13/httpcore-4.4.13.jar:/Users/19542018/.m2/repository/commons-logging/commons-logging/1.2/commons-logging-1.2.jar:/Users/19542018/.m2/repository/commons-codec/commons-codec/1.11/commons-codec-1.11.jar:/Users/19542018/.m2/repository/org/apache/httpcomponents/httpmime/4.5.13/httpmime-4.5.13.jar:/Users/19542018/.m2/repository/org/hamcrest/hamcrest/2.1/hamcrest-2.1.jar:/Users/19542018/.m2/repository/org/ccil/cowan/tagsoup/tagsoup/1.2.1/tagsoup-1.2.1.jar:/Users/19542018/.m2/repository/io/rest-assured/json-path/5.0.1/json-path-5.0.1.jar:/Users/19542018/.m2/repository/org/apache/groovy/groovy-json/4.0.1/groovy-json-4.0.1.jar:/Users/19542018/.m2/repository/io/rest-assured/rest-assured-common/5.0.1/rest-assured-common-5.0.1.jar:/Users/19542018/.m2/repository/io/rest-assured/xml-path/5.0.1/xml-path-5.0.1.jar:/Users/19542018/.m2/repository/org/apache/commons/commons-lang3/3.11/commons-lang3-3.11.jar:/Users/19542018/.m2/repository/com/fasterxml/jackson/core/jackson-databind/2.13.3/jackson-databind-2.13.3.jar:/Users/19542018/.m2/repository/com/fasterxml/jackson/core/jackson-annotations/2.13.3/jackson-annotations-2.13.3.jar:/Users/19542018/.m2/repository/com/fasterxml/jackson/core/jackson-core/2.13.3/jackson-core-2.13.3.jar:/Users/19542018/.m2/repository/com/github/tomakehurst/wiremock-standalone/2.18.0/wiremock-standalone-2.18.0.jar:/Users/19542018/.m2/repository/junit/junit/4.13.2/junit-4.13.2.jar:/Users/19542018/.m2/repository/org/hamcrest/hamcrest-core/1.3/hamcrest-core-1.3.jar:/Users/19542018/.m2/repository/org/junit/jupiter/junit-jupiter-api/5.9.0-M1/junit-jupiter-api-5.9.0-M1.jar:/Users/19542018/.m2/repository/org/opentest4j/opentest4j/1.2.0/opentest4j-1.2.0.jar:/Users/19542018/.m2/repository/org/junit/platform/junit-platform-commons/1.9.0-M1/junit-platform-commons-1.9.0-M1.jar:/Users/19542018/.m2/repository/org/apiguardian/apiguardian-api/1.1.2/apiguardian-api-1.1.2.jar:"/>
    <property name="java.vm.vendor" value="Amazon.com Inc."/>
    <property name="sun.arch.data.model" value="64"/>
    <property name="java.vendor.url" value="https://aws.amazon.com/corretto/"/>
    <property name="os.name" value="Mac OS X"/>
    <property name="java.vm.specification.version" value="18"/>
    <property name="sun.java.launcher" value="SUN_STANDARD"/>
    <property name="user.country" value="RU"/>
    <property name="sun.boot.library.path" value="/Users/19542018/Library/Java/JavaVirtualMachines/corretto-18.0.1/Contents/Home/lib"/>
    <property name="sun.java.command" value="/Users/19542018/Desktop/lisa/Sprint_3/target/surefire/surefirebooter7570041967159553551.jar /Users/19542018/Desktop/lisa/Sprint_3/target/surefire 2022-06-12T20-47-44_324-jvmRun1 surefire8931010373793130921tmp surefire_07716424434722861429tmp"/>
    <property name="jdk.debug" value="release"/>
    <property name="surefire.test.class.path" value="/Users/19542018/Desktop/lisa/Sprint_3/target/test-classes:/Users/19542018/Desktop/lisa/Sprint_3/target/classes:/Users/19542018/.m2/repository/io/qameta/allure/allure-junit4/2.17.3/allure-junit4-2.17.3.jar:/Users/19542018/.m2/repository/io/qameta/allure/allure-java-commons/2.17.3/allure-java-commons-2.17.3.jar:/Users/19542018/.m2/repository/org/slf4j/slf4j-api/1.7.30/slf4j-api-1.7.30.jar:/Users/19542018/.m2/repository/io/qameta/allure/allure-model/2.17.3/allure-model-2.17.3.jar:/Users/19542018/.m2/repository/io/qameta/allure/allure-rest-assured/2.17.3/allure-rest-assured-2.17.3.jar:/Users/19542018/.m2/repository/io/qameta/allure/allure-attachments/2.17.3/allure-attachments-2.17.3.jar:/Users/19542018/.m2/repository/org/freemarker/freemarker/2.3.31/freemarker-2.3.31.jar:/Users/19542018/.m2/repository/io/rest-assured/rest-assured/5.0.1/rest-assured-5.0.1.jar:/Users/19542018/.m2/repository/org/apache/groovy/groovy/4.0.1/groovy-4.0.1.jar:/Users/19542018/.m2/repository/org/apache/groovy/groovy-xml/4.0.1/groovy-xml-4.0.1.jar:/Users/19542018/.m2/repository/org/apache/httpcomponents/httpclient/4.5.13/httpclient-4.5.13.jar:/Users/19542018/.m2/repository/org/apache/httpcomponents/httpcore/4.4.13/httpcore-4.4.13.jar:/Users/19542018/.m2/repository/commons-logging/commons-logging/1.2/commons-logging-1.2.jar:/Users/19542018/.m2/repository/commons-codec/commons-codec/1.11/commons-codec-1.11.jar:/Users/19542018/.m2/repository/org/apache/httpcomponents/httpmime/4.5.13/httpmime-4.5.13.jar:/Users/19542018/.m2/repository/org/hamcrest/hamcrest/2.1/hamcrest-2.1.jar:/Users/19542018/.m2/repository/org/ccil/cowan/tagsoup/tagsoup/1.2.1/tagsoup-1.2.1.jar:/Users/19542018/.m2/repository/io/rest-assured/json-path/5.0.1/json-path-5.0.1.jar:/Users/19542018/.m2/repository/org/apache/groovy/groovy-json/4.0.1/groovy-json-4.0.1.jar:/Users/19542018/.m2/repository/io/rest-assured/rest-assured-common/5.0.1/rest-assured-common-5.0.1.jar:/Users/19542018/.m2/repository/io/rest-assured/xml-path/5.0.1/xml-path-5.0.1.jar:/Users/19542018/.m2/repository/org/apache/commons/commons-lang3/3.11/commons-lang3-3.11.jar:/Users/19542018/.m2/repository/com/fasterxml/jackson/core/jackson-databind/2.13.3/jackson-databind-2.13.3.jar:/Users/19542018/.m2/repository/com/fasterxml/jackson/core/jackson-annotations/2.13.3/jackson-annotations-2.13.3.jar:/Users/19542018/.m2/repository/com/fasterxml/jackson/core/jackson-core/2.13.3/jackson-core-2.13.3.jar:/Users/19542018/.m2/repository/com/github/tomakehurst/wiremock-standalone/2.18.0/wiremock-standalone-2.18.0.jar:/Users/19542018/.m2/repository/junit/junit/4.13.2/junit-4.13.2.jar:/Users/19542018/.m2/repository/org/hamcrest/hamcrest-core/1.3/hamcrest-core-1.3.jar:/Users/19542018/.m2/repository/org/junit/jupiter/junit-jupiter-api/5.9.0-M1/junit-jupiter-api-5.9.0-M1.jar:/Users/19542018/.m2/repository/org/opentest4j/opentest4j/1.2.0/opentest4j-1.2.0.jar:/Users/19542018/.m2/repository/org/junit/platform/junit-platform-commons/1.9.0-M1/junit-platform-commons-1.9.0-M1.jar:/Users/19542018/.m2/repository/org/apiguardian/apiguardian-api/1.1.2/apiguardian-api-1.1.2.jar:"/>
    <property name="sun.cpu.endian" value="little"/>
    <property name="user.home" value="/Users/19542018"/>
    <property name="user.language" value="ru"/>
    <property name="java.specification.vendor" value="Oracle Corporation"/>
    <property name="java.version.date" value="2022-04-19"/>
    <property name="java.home" value="/Users/19542018/Library/Java/JavaVirtualMachines/corretto-18.0.1/Contents/Home"/>
    <property name="file.separator" value="/"/>
    <property name="basedir" value="/Users/19542018/Desktop/lisa/Sprint_3"/>
    <property name="java.vm.compressedOopsMode" value="Zero based"/>
    <property name="line.separator" value="&#10;"/>
    <property name="java.specification.name" value="Java Platform API Specification"/>
    <property name="java.vm.specification.vendor" value="Oracle Corporation"/>
    <property name="apple.awt.application.name" value="ForkedBooter"/>
    <property name="surefire.real.class.path" value="/Users/19542018/Desktop/lisa/Sprint_3/target/surefire/surefirebooter7570041967159553551.jar"/>
    <property name="sun.management.compiler" value="HotSpot 64-Bit Tiered Compilers"/>
    <property name="java.runtime.version" value="18.0.1+10-FR"/>
    <property name="user.name" value="19542018"/>
    <property name="path.separator" value=":"/>
    <property name="os.version" value="12.1"/>
    <property name="java.runtime.name" value="OpenJDK Runtime Environment"/>
    <property name="file.encoding" value="UTF-8"/>
    <property name="java.vm.name" value="OpenJDK 64-Bit Server VM"/>
    <property name="java.vendor.version" value="Corretto-18.0.1.10.1"/>
    <property name="localRepository" value="/Users/19542018/.m2/repository"/>
    <property name="java.vendor.url.bug" value="https://github.com/corretto/corretto-18/issues/"/>
    <property name="java.io.tmpdir" value="/var/folders/0c/4mp5mygs14ng6pkwpc2dfz_m1hkkrp/T/"/>
    <property name="idea.version" value="2021.3.2"/>
    <property name="java.version" value="18.0.1"/>
    <property name="user.dir" value="/Users/19542018/Desktop/lisa/Sprint_3"/>
    <property name="os.arch" value="x86_64"/>
    <property name="java.vm.specification.name" value="Java Virtual Machine Specification"/>
    <property name="native.encoding" value="UTF-8"/>
    <property name="java.library.path" value="/Users/19542018/Library/Java/Extensions:/Library/Java/Extensions:/Network/Library/Java/Extensions:/System/Library/Java/Extensions:/usr/lib/java:."/>
    <property name="java.vm.info" value="mixed mode, sharing"/>
    <property name="java.vendor" value="Amazon.com Inc."/>
    <property name="java.vm.version" value="18.0.1+10-FR"/>
    <property name="sun.io.unicode.encoding" value="UnicodeBig"/>
    <property name="java.class.version" value="62.0"/>
  </properties>
  <testcase name="createCourierTestWithoutRequiredFields" classname="ru.yandex.practicum.CourierTest" time="2.419"/>
  <testcase name="createCourierTest" classname="ru.yandex.practicum.CourierTest" time="0.908"/>
  <testcase name="createCourierTestWithRequiredFields" classname="ru.yandex.practicum.CourierTest" time="0.41"/>
  <testcase name="createTheSameCourierTest" classname="ru.yandex.practicum.CourierTest" time="0.238"/>
</testsuite>